Reading Transforms
Loading Training Cameras
Gaussians loaded from checkpoint.
logged debug video at epoch 0
logged debug video at epoch 100
logged debug video at epoch 200
logged debug video at epoch 300
logged debug video at epoch 400
logged debug video at epoch 500
logged debug video at epoch 600
logged debug video at epoch 700
logged debug video at epoch 800
logged debug video at epoch 900
logged debug video at epoch 1000
logged debug video at epoch 1100
logged debug video at epoch 1200
logged debug video at epoch 1300
logged debug video at epoch 1400
logged debug video at epoch 1500
logged debug video at epoch 1600
logged debug video at epoch 1700
logged debug video at epoch 1800
logged debug video at epoch 1900
logged debug video at epoch 2000
logged debug video at epoch 2100
logged debug video at epoch 2200
logged debug video at epoch 2300
logged debug video at epoch 2400
logged debug video at epoch 2500
logged debug video at epoch 2600
logged debug video at epoch 2700
logged debug video at epoch 2800
logged debug video at epoch 2900
logged debug video at epoch 3000
logged debug video at epoch 3100
logged debug video at epoch 3200
logged debug video at epoch 3300
logged debug video at epoch 3400
logged debug video at epoch 3500
logged debug video at epoch 3600
logged debug video at epoch 3700
logged debug video at epoch 3800
logged debug video at epoch 3900
logged debug video at epoch 4000
logged debug video at epoch 4100
logged debug video at epoch 4200
logged debug video at epoch 4300
logged debug video at epoch 4400
logged debug video at epoch 4500
logged debug video at epoch 4600
logged debug video at epoch 4700
logged debug video at epoch 4800
logged debug video at epoch 4900
logged debug video at epoch 5000
logged debug video at epoch 5100
logged debug video at epoch 5200
logged debug video at epoch 5300
logged debug video at epoch 5400
logged debug video at epoch 5500
logged debug video at epoch 5600
logged debug video at epoch 5700
logged debug video at epoch 5800
logged debug video at epoch 5900
logged debug video at epoch 6000
logged debug video at epoch 6100
logged debug video at epoch 6200
logged debug video at epoch 6300
logged debug video at epoch 6400
logged debug video at epoch 6500
logged debug video at epoch 6600
logged debug video at epoch 6700
logged debug video at epoch 6800
logged debug video at epoch 6900
logged debug video at epoch 7000
logged debug video at epoch 7100
logged debug video at epoch 7200
logged debug video at epoch 7300
logged debug video at epoch 7400
logged debug video at epoch 7500
logged debug video at epoch 7600
logged debug video at epoch 7700
logged debug video at epoch 7800
logged debug video at epoch 7900
logged debug video at epoch 8000
logged debug video at epoch 8100
logged debug video at epoch 8200
logged debug video at epoch 8300
logged debug video at epoch 8400
logged debug video at epoch 8500
logged debug video at epoch 8600
logged debug video at epoch 8700
logged debug video at epoch 8800
logged debug video at epoch 8900
logged debug video at epoch 9000
logged debug video at epoch 9100
logged debug video at epoch 9200
logged debug video at epoch 9300
logged debug video at epoch 9400
logged debug video at epoch 9500
logged debug video at epoch 9600
logged debug video at epoch 9700
logged debug video at epoch 9800
logged debug video at epoch 9900
[1;34mwandb[0m: 🚀 View run [33mhunky-quiver-40[0m at: [34mhttps://wandb.ai/iccv25/debugging/runs/o7yrc1m2[0m
[1;34mwandb[0m: Find logs at: [1;35mwandb/run-20250215_003853-o7yrc1m2/logs[0m
